|SourceProjectName:SecureCRT.hpr
|DestinationProjectName:SecureCRT.htm
whhost.js
whmsg.js
whmozemu.js
whutils.js
whproxy.js
whstub.js
whver.js
whform.js
whphost.js
whstart.js
whtopic.js
whframes.js
whlang.js
XmlReadHelper.js
whskin_info.htm
whskin_blank.htm
whskin_pickup.htm
whskin_homepage.htm
whskin_tw.htm
whnjs.htm
whthost.js
whtdhtml.htm
whihost.js
whibody.htm
whiform.htm
whfhost.js
whfbody.htm
whfform.htm
whghost.js
whgbody.htm
whgdhtml.htm
whgdef.htm
whproj.js
whproj.htm
whdata\whtoc.js
whdata\whtoc.htm
whdata\whtdata.js
whdata\whidx.js
whdata\whidx.htm
whdata\whidata.js
whdata\whglo.js
whdata\whglo.htm
whdata\whgdata.js
whgdata\whnvp30.htm
whgdata\whnvp31.htm
whgdata\whnvp32.htm
whgdata\whnvp33.htm
whgdata\whnvt30.htm
whgdata\whnvt31.htm
whgdata\whnvt32.htm
whgdata\whnvt33.htm
whgdata\whnvf30.htm
whgdata\whnvf31.htm
whgdata\whnvf32.htm
whgdata\whnvf33.htm
whgdata\whnvl31.htm
whgdata\whnvl32.htm
whgdata\whnvl33.htm
whgdata\whexpbar.gif
cshdat_webhelp.htm
whcsh_home.htm
whcshdata.js
cshdat_robohelp.htm
wht_tab0.gif
wht_tab1.gif
wht_tab2.gif
wht_tab3.gif
wht_tab4.gif
wht_tab5.gif
wht_tab6.gif
wht_tab7.gif
wht_tab8.gif
wht_glo_h.gif
wht_glo_n.gif
wht_fts_h.gif
wht_fts_n.gif
wht_idx_h.gif
wht_idx_n.gif
wht_toc_h.gif
wht_toc_n.gif
wht_ws.gif
wht_ws_g.gif
wht_logo1.gif
wht_logo2.gif
wht_abgw.jpg
wht_abgi.jpg
wht_abge.jpg
wht_abtw.jpg
wht_abte.jpg
wht_abti.jpg
wht_spac.gif
wht_next.gif
wht_next_g.gif
wht_prev.gif
wht_prev_g.gif
wht_sync.gif
wht_hide.gif
wht_go.gif
whstart.ico
whestart.ico
whrstart.ico
whidhtml.htm
whfdhtml.htm
whskin_banner.htm
whtbar.js
chr_back.gif
chr_con_on.gif
chr_con_out.gif
chr_ind_on.gif
chr_ind_out.gif
chr_sea_on.gif
chr_sea_out.gif
chr_glo_on.gif
chr_glo_out.gif
chr_search.gif
chr_arrow_le_out.gif
chr_arrow_le_on.gif
chr_arrow_ri_out.gif
chr_arrow_ri_on.gif
chr_sync.gif
chr_hide.gif
chr_webpage.gif
chr_book_clo.gif
chr_book_op.gif
chr_page.gif
whskin_pdhtml.htm
whskin_plist.htm
whskin_tbars.htm
whskin_mbars.htm
whskin_frmset010.htm
whst_topics.xml
whskin_frmset01.htm
SecureCRT_hha.hhk
SecureCRT.hhc
SecureCRT.hhk
Accepting_a_Host_Key.htm
Advanced_Serial_Configuration_Settings.htm
Answerback_Substitutions.htm
Application_Object.htm
Arguments_Object.htm
Arranging_Entries_in_the_Co.htm
ASCII_Control_Codes.htm
Changing_Session_Options.htm
Changing_the_Default_File_T.htm
Changing_the_Passphrase_for.htm
Clipboard_Object.htm
CommandWindow_Object.htm
Configure_OpenSSH_to_Recogn.htm
Configure_SSH_Communication.htm
Configuring_Port-Forwarding_Filters.htm
Configuring_VShell_to_Recog.htm
Connect_Dialog.htm
Connecting_with_the_Connect.htm
Connection_Overview.htm
Copying_and_Pasting.htm
Copyright_and_Trademark_Not.htm
Creating_a_New_Session_wit-1.htm
Creating_a_New_Session_with.htm
Creating_a_Personal_Font_Map.htm
Creating_Python_Scripts.htm
Customizing_a_Keymap.htm
Default_TN3270_Keymappings.htm
Determine_Escape_Sequence_Key_Codes.htm
Dialog_Object.htm
Disabling_ZModem.htm
Downloading_a_File_w_Zmodem.htm
Downloading_a_File_with_XMo.htm
Downloading_a_File_with_Ymodem.htm
Edit_Menu.htm
Emulation-Specific_Keymappi.htm
Example_Scripts.htm
Feature_Requests_and_Questi.htm
File_Menu.htm
FileTransfer_Object.htm
Firewall_Properties_Dialog.htm
Global_Options_Dialog.htm
GO_File_Transfer.htm
GO_File_Transfer_File_Types.htm
GO_File_Transfer_Filters.htm
GO_File_Transfer_FTP.htm
GO_File_Transfer_Options.htm
GO_File_Transfer_Options_Advanced.htm
GO_File_Transfer_Sound.htm
GO_File_Transfer_TLS.htm
GO_File_Transfer_View.htm
GO_Firewall.htm
GO_General.htm
GO_General_Configuration_Paths.htm
GO_General_Default_Session.htm
GO_SSH2.htm
GO_SSH_Host_Keys.htm
GO_Terminal.htm
GO_Terminal_Advanced.htm
GO_Terminal_Appearance.htm
GO_Terminal_Appearance_Advanced.htm
GO_Terminal_Appearance_ANSI_Color.htm
GO_Terminal_Printing.htm
GO_Terminal_Tabs.htm
GO_Terminal_TFTP_Server.htm
GSSAPI_Properties_Dialog.htm
Handling_Script_Errors.htm
Help_Menu.htm
How_to_Register.htm
Introduction_to_SysAdmin_Is.htm
Key_Terminology.htm
Keyboard_Accelerators.htm
Keyword_List_Properties_Dialog.htm
License_Agreement.htm
Local_Port_Forwarding_Prope.htm
Locking_a_Session.htm
Map_Button_Dialog.htm
Map_Selected_Key_Dialog.htm
Menus.htm
Modifying_a_Color_Scheme.htm
New_in_SecureCRT.htm
Options_Menu.htm
Overview_of_Color_Schemes.htm
Overview_of_Command_Line_Op.htm
Overview_of_Connection_Prot.htm
Overview_of_Keymaps.htm
Overview_of_Script_Objects.htm
Overview_of_XModem.htm
Overview_of_Ymodem.htm
Overview_of_ZModem.htm
Passphrase_Protecting_Sensitive_Configuration_Data.htm
Port_Forwarding_With_SSH.htm
Product_Announcements.htm
Public-Key_Assistant_Dialog.htm
Public-Key_Authentication_for_SSH1.htm
Public-Key_Authentication_for_SSH2.htm
Public_Key_Properties_Dialo.htm
Quick_Connect_Dialog.htm
Raw_Quick_Connect_Options.htm
Reconnecting_Automatically.htm
Remote_Port_Forwarding_Prop.htm
Reporting_Problems.htm
Screen_Object.htm
Script_Menu.htm
SecureCRT_Menu.htm
Security_Considerations.htm
Select_Files_to_Send..._Dia.htm
Send_String_And_Function_Ke.htm
Sending_a_Serial_Break.htm
SendKeys_Keystroke_Table.htm
Serial_Quick_Connect_Option.htm
Session_Manager.htm
Session_Object.htm
Session_Options_Dialog.htm
Session_Tabs.htm
SessionConfiguration_Object.htm
Sessions_Overview.htm
SFTP_Tab_Command_Options.htm
SO_Connection.htm
SO_Connection_FTP.htm
SO_Connection_FTP_TLS_Options.htm
SO_Connection_Login_Actions.htm
SO_Connection_Port_Forwarding.htm
SO_Connection_Port_Forwarding_Remote.htm
SO_Connection_Raw.htm
SO_Connection_Serial.htm
SO_Connection_SSH1.htm
SO_Connection_SSH1_Advanced.htm
SO_Connection_SSH2.htm
SO_Connection_SSH2_Advanced.htm
SO_Connection_SSH2_SFTP_Session.htm
SO_Connection_Telnet.htm
SO_File_Transfer.htm
SO_File_Transfer_FTP_SFTP.htm
SO_Terminal.htm
SO_Terminal_Appearance.htm
SO_Terminal_Appearance_Window.htm
SO_Terminal_Emulation.htm
SO_Terminal_Emulation_Advanced.htm
SO_Terminal_Emulation_Emacs.htm
SO_Terminal_Emulation_Mapped_Keys.htm
SO_Terminal_Emulation_Modes.htm
SO_Terminal_Log_File.htm
SO_Terminal_Printing.htm
SO_Terminal_X_Y_Zmodem.htm
Specify_Filename_to_Receive.htm
Specifying_the_Configuratio.htm
SSH1_Quick_Connect_Options.htm
SSH2_Quick_Connect_Options.htm
Starting_a_Session_Automati.htm
Support_FAQ.htm
Switching_Between_Multiple_.htm
System_Requirements.htm
Tab_Object.htm
Table_of_Keymap_Functions.htm
Table_of_Protocol-Specific_.htm
Table_of_Standard_Command_L.htm
Telnet_Quick_Connect_Option.htm
The_Button_Bar.htm
The_Connect_Bar.htm
The_OSX_Toolbar_Mac.htm
The_Status_Bar.htm
Tools_Menu.htm
Transfer_Menu.htm
Upload_Public_Key_Dialog.htm
Uploading_a_File_w_Zmodem.htm
Uploading_a_File_with_XMode.htm
Uploading_a_File_with_Ymodem.htm
Using_an_Exported_Public_Key.htm
Using_Compression.htm
Using_NTLM.htm
Using_the_Agent.htm
View_Menu.htm
Welcome.htm
What_is_SecureCRT_.htm
Window_Menu.htm
Window_Object.htm
Xterm_Escape_Sequences.htm
Zooming_a_Session.htm
fh_dhtml.js
hhscript.js
SecureCRT.js
sniffer.js
SecureCRT.glo
SecureCRT.css
SecureFX_small.bmp
button-configuration_osx.bmp
button-reconnect_osx.bmp
dialog-connect-manuallarrange_osx.bmp
screen-col-select_osx.bmp
screen-row-select_osx.bmp
VDS_helplogo.bmp
MenuDivider.bmp
secureicon.bmp
button-shortcut.bmp
button-quickconnect.bmp
statusbar_osx.bmp
button-disconnect_osx.bmp
button-connect.bmp
button-sessionoptions.bmp
SSH2Agent.bmp
button-newfolder.bmp
menu-file.bmp
button-options-small_osx.bmp
graphic-configuration_2--more_secure.bmp
graphic-configuration_1--less_secure.bmp
SSH2AgentForwarding.bmp
SecureCRT.bmp
button-delete.bmp
button-paste.bmp
dialog-changesecureshellpassphrase_osx.bmp
button-cut.bmp
button-newsession.bmp
button-printscreen_osx.bmp
button-connect_osx.bmp
button-connectintabs.bmp
image1.jpg
BULLET.BMP
dialog-connect_osx.bmp
dialog-quickconnect_osx.bmp
dialog-session-options-new_osx.bmp
Connect-small_OXS.bmp
button-find.bmp
button-copy.bmp
RoboHHRE.lng
SecureCRT.ppf
ehlpdhtm.js
SearchOptions.xml
ss_btn_related_topics.gif
whxdata\package_0_xml.js
whxdata\package_1_xml.js
whxdata\package_2_xml.js
whxdata\package_3_xml.js
whxdata\package_4_xml.js
whxdata\package_5_xml.js
whxdata\package_6_xml.js
whxdata\package_7_xml.js
whxdata\package_8_xml.js
whxdata\package_9_xml.js
whxdata\package_10_xml.js
whxdata\package_11_xml.js
whxdata\package_12_xml.js
whxdata\package_13_xml.js
whxdata\package_14_xml.js
whxdata\package_15_xml.js
whxdata\package_16_xml.js
whxdata\package_17_xml.js
whxdata\package_18_xml.js
whxdata\package_19_xml.js
whxdata\package_20_xml.js
whxdata\package_21_xml.js
whxdata\package_22_xml.js
whxdata\package_23_xml.js
whxdata\package_24_xml.js
whxdata\package_25_xml.js
whxdata\package_26_xml.js
whxdata\package_27_xml.js
whxdata\package_28_xml.js
whxdata\package_29_xml.js
whxdata\package_30_xml.js
whxdata\package_31_xml.js
whxdata\package_32_xml.js
whxdata\package_33_xml.js
whxdata\package_34_xml.js
whxdata\package_35_xml.js
whxdata\package_36_xml.js
whxdata\package_37_xml.js
whxdata\package_38_xml.js
whxdata\package_39_xml.js
whxdata\package_40_xml.js
whxdata\package_41_xml.js
whxdata\package_42_xml.js
whxdata\package_43_xml.js
whxdata\package_44_xml.js
whxdata\package_45_xml.js
whxdata\package_46_xml.js
whxdata\package_47_xml.js
whxdata\package_48_xml.js
whxdata\package_49_xml.js
whxdata\package_50_xml.js
whxdata\package_51_xml.js
whxdata\package_52_xml.js
whxdata\package_53_xml.js
whxdata\package_54_xml.js
whxdata\package_55_xml.js
whxdata\package_56_xml.js
whxdata\package_57_xml.js
whxdata\packageindex_xml.js
whxdata\synonym.xml
whxdata\synonym_xml.js
whxdata\topictable_0_xml.js
whxdata\topictable_1_xml.js
whxdata\topictable_2_xml.js
whxdata\topictableindex_xml.js
whxdata\whfts.xml
whxdata\whfts_xml.js
whproj_xml.js
whxdata\whtoc_xml.js
whxdata\whidx_xml.js
whxdata\whglo_xml.js
resource\resource_xml.js
whbrs_xml.js
whres_xml.js
whcsh_xml.js
whxdata\whtdata0_xml.js
whxdata\whtdata1_xml.js
whxdata\whtdata2_xml.js
whxdata\whtdata3_xml.js
whxdata\whtdata4_xml.js
whxdata\whtdata5_xml.js
whxdata\whtdata6_xml.js
whxdata\whidata0_xml.js
whxdata\whidata1_xml.js
whxdata\whidata2_xml.js
whxdata\whidata3_xml.js
whxdata\whidata4_xml.js
whxdata\whidata5_xml.js
whxdata\whidata6_xml.js
whxdata\whidata7_xml.js
whxdata\whidata8_xml.js
whxdata\whidata9_xml.js
whxdata\whidata10_xml.js
whxdata\whgdata0_xml.js
whdata\whtdata0.htm
whdata\whtdata1.htm
whdata\whtdata2.htm
whdata\whtdata3.htm
whdata\whtdata4.htm
whdata\whtdata5.htm
whdata\whtdata6.htm
whdata\whidata0.htm
whdata\whidata1.htm
whdata\whidata2.htm
whdata\whidata3.htm
whdata\whidata4.htm
whdata\whidata5.htm
whdata\whidata6.htm
whdata\whidata7.htm
whdata\whidata8.htm
whdata\whidata9.htm
whdata\whidata10.htm
whdata\whgdata0.htm
whgdata\whlstt0.htm
whgdata\whlstt1.htm
whgdata\whlstt2.htm
whgdata\whlstt3.htm
whgdata\whlstt4.htm
whgdata\whlstt5.htm
whgdata\whlstt6.htm
whgdata\whlstt7.htm
whgdata\whlstt8.htm
whgdata\whlstt9.htm
whgdata\whlstt10.htm
whgdata\whlstt11.htm
whgdata\whlstt12.htm
whgdata\whlstt13.htm
whgdata\whlstt14.htm
whgdata\whlstt15.htm
whgdata\whlstt16.htm
whgdata\whlstt17.htm
whgdata\whlstt18.htm
whgdata\whlstt19.htm
whgdata\whlstt20.htm
whgdata\whlstt21.htm
whgdata\whlstt22.htm
whgdata\whlstt23.htm
whgdata\whlstt24.htm
whgdata\whlstt25.htm
whgdata\whlstt26.htm
whgdata\whlstt27.htm
whgdata\whlstt28.htm
whgdata\whlstt29.htm
whgdata\whlstt30.htm
whgdata\whlstt31.htm
whgdata\whlstt32.htm
whgdata\whlstt33.htm
whgdata\whlstt34.htm
whgdata\whlstt35.htm
whgdata\whlstt36.htm
whgdata\whlstt37.htm
whgdata\whlstt38.htm
whgdata\whlstt39.htm
whgdata\whlstt40.htm
whgdata\whlstt41.htm
whgdata\whlsti0.htm
whgdata\whlsti1.htm
whgdata\whlsti2.htm
whgdata\whlsti3.htm
whgdata\whlsti4.htm
whgdata\whlstfl0.htm
whgdata\whlstfl1.htm
whgdata\whlstfl2.htm
whgdata\whlstfl3.htm
whgdata\whlstfl4.htm
whgdata\whlstfl5.htm
whgdata\whlstfl6.htm
whgdata\whlstfl7.htm
whgdata\whlstfl8.htm
whgdata\whlstfl9.htm
whgdata\whlstfl10.htm
whgdata\whlstfl11.htm
whgdata\whlstfl12.htm
whgdata\whlstfl13.htm
whgdata\whlstfl14.htm
whgdata\whlstfl15.htm
whgdata\whlstfl16.htm
whgdata\whlstfl17.htm
whgdata\whlstfl18.htm
whgdata\whlstfl19.htm
whgdata\whlstfl20.htm
whgdata\whlstfl21.htm
whgdata\whlstfl22.htm
whgdata\whlstfl23.htm
whgdata\whlstfl24.htm
whgdata\whlstfl25.htm
whgdata\whlstf0.htm
whgdata\whlstf1.htm
whgdata\whlstf2.htm
whgdata\whlstf3.htm
whgdata\whlstf4.htm
whgdata\whlstf5.htm
whgdata\whlstf6.htm
whgdata\whlstf7.htm
whgdata\whlstf8.htm
whgdata\whlstf9.htm
whgdata\whlstf10.htm
whgdata\whlstf11.htm
whgdata\whlstf12.htm
whgdata\whlstf13.htm
whgdata\whlstf14.htm
whgdata\whlstf15.htm
whgdata\whlstf16.htm
whgdata\whlstf17.htm
whgdata\whlstf18.htm
whgdata\whlstf19.htm
whgdata\whlstf20.htm
whgdata\whlstf21.htm
whgdata\whlstf22.htm
whgdata\whlstf23.htm
whgdata\whlstf24.htm
whgdata\whlstf25.htm
whgdata\whlstf26.htm
whgdata\whlstf27.htm
whgdata\whlstf28.htm
whgdata\whlstf29.htm
whgdata\whlstf30.htm
whgdata\whlstf31.htm
whgdata\whlstf32.htm
whgdata\whlstf33.htm
whgdata\whlstf34.htm
whgdata\whlstf35.htm
whgdata\whlstf36.htm
whgdata\whlstf37.htm
whgdata\whlstf38.htm
whgdata\whlstf39.htm
whgdata\whlstf40.htm
whgdata\whlstf41.htm
whgdata\whlstf42.htm
whgdata\whlstf43.htm
whgdata\whlstf44.htm
whgdata\whlstf45.htm
whgdata\whlstf46.htm
whgdata\whlstf47.htm
whgdata\whlstf48.htm
whgdata\whlstf49.htm
whgdata\whlstf50.htm
whgdata\whlstg0.htm
SecureCRT.htm
SecureCRT_csh.htm
SecureCRT_rhc.htm
